mode: set
classnewsletter/controller/controller.go:26.13,30.16 2 0
classnewsletter/controller/controller.go:30.16,32.3 1 0
classnewsletter/controller/controller.go:34.2,35.16 2 0
classnewsletter/controller/controller.go:35.16,37.3 1 0
classnewsletter/controller/controller.go:39.2,39.53 1 0
classnewsletter/controller/controller.go:42.33,44.2 1 0
classnewsletter/controller/controller.go:46.35,51.54 5 0
classnewsletter/controller/controller.go:51.54,52.28 1 0
classnewsletter/controller/controller.go:52.28,60.25 4 0
classnewsletter/controller/controller.go:60.25,63.5 2 0
classnewsletter/controller/controller.go:63.10,67.5 1 0
classnewsletter/controller/controller.go:69.9,73.4 1 0
classnewsletter/controller/controller.go:74.8,78.3 1 0
classnewsletter/controller/controller.go:86.45,108.16 5 0
classnewsletter/controller/controller.go:108.16,114.3 2 0
classnewsletter/controller/controller.go:116.2,122.4 1 0
classnewsletter/controller/controller.go:125.30,127.2 1 0
classnewsletter/controller/controller.go:129.28,137.50 5 0
classnewsletter/controller/controller.go:137.50,140.3 2 0
classnewsletter/controller/controller.go:143.2,144.23 2 0
classnewsletter/controller/controller.go:144.23,147.3 2 0
classnewsletter/controller/controller.go:149.2,149.28 1 0
classnewsletter/controller/controller.go:149.28,152.3 2 0
classnewsletter/controller/controller.go:155.2,162.16 3 0
classnewsletter/controller/controller.go:162.16,166.3 3 0
classnewsletter/controller/controller.go:169.2,180.41 2 0
classnewsletter/controller/controller.go:184.54,187.16 2 0
classnewsletter/controller/controller.go:187.16,189.3 1 0
classnewsletter/controller/controller.go:192.2,194.16 3 0
classnewsletter/controller/controller.go:194.16,196.3 1 0
classnewsletter/controller/controller.go:199.2,200.9 2 0
classnewsletter/controller/controller.go:200.9,202.3 1 0
classnewsletter/controller/controller.go:204.2,205.16 2 0
classnewsletter/controller/controller.go:205.16,207.3 1 0
classnewsletter/controller/controller.go:209.2,209.26 1 0
classnewsletter/controller/controller.go:212.44,214.16 2 0
classnewsletter/controller/controller.go:214.16,217.3 1 0
classnewsletter/controller/controller.go:217.8,219.27 2 0
classnewsletter/controller/controller.go:219.27,230.4 1 0
classnewsletter/controller/controller.go:230.9,233.4 1 0
classnewsletter/controller/controller.go:239.31,251.2 2 0
classnewsletter/controller/controller.go:253.31,255.16 2 0
classnewsletter/controller/controller.go:255.16,257.3 1 0
classnewsletter/controller/controller.go:257.8,259.27 2 0
classnewsletter/controller/controller.go:259.27,270.4 1 0
classnewsletter/controller/controller.go:270.9,273.4 1 0
classnewsletter/controller/controller.go:278.29,280.16 2 0
classnewsletter/controller/controller.go:280.16,283.3 2 0
classnewsletter/controller/controller.go:283.8,285.27 2 0
classnewsletter/controller/controller.go:285.27,302.4 16 0
classnewsletter/controller/controller.go:302.9,304.4 1 0
classnewsletter/controller/controller.go:308.37,310.16 2 0
classnewsletter/controller/controller.go:310.16,313.3 2 0
classnewsletter/controller/controller.go:313.8,315.27 2 0
classnewsletter/controller/controller.go:315.27,317.20 2 0
classnewsletter/controller/controller.go:317.20,319.5 1 0
classnewsletter/controller/controller.go:319.10,321.5 1 0
classnewsletter/controller/controller.go:322.9,325.4 1 0
classnewsletter/controller/controller.go:329.39,331.16 2 0
classnewsletter/controller/controller.go:331.16,333.3 1 0
classnewsletter/controller/controller.go:333.8,335.27 2 0
classnewsletter/controller/controller.go:335.27,338.25 3 0
classnewsletter/controller/controller.go:338.25,348.5 1 0
classnewsletter/controller/controller.go:348.10,350.5 1 0
classnewsletter/controller/controller.go:352.9,354.4 1 0
classnewsletter/controller/controller.go:358.42,360.16 2 0
classnewsletter/controller/controller.go:360.16,362.3 1 0
classnewsletter/controller/controller.go:362.8,365.27 2 0
classnewsletter/controller/controller.go:365.27,368.20 3 0
classnewsletter/controller/controller.go:368.20,370.5 1 0
classnewsletter/controller/controller.go:370.10,372.5 1 0
classnewsletter/controller/controller.go:373.9,375.4 1 0
classnewsletter/controller/controller.go:379.38,381.16 2 0
classnewsletter/controller/controller.go:381.16,383.3 1 0
classnewsletter/controller/controller.go:383.8,385.27 2 0
classnewsletter/controller/controller.go:385.27,387.36 2 0
classnewsletter/controller/controller.go:387.36,400.5 3 0
classnewsletter/controller/controller.go:400.10,412.5 3 0
classnewsletter/controller/controller.go:413.9,415.4 1 0
classnewsletter/controller/controller.go:418.43,420.2 1 0
classnewsletter/controller/controller.go:422.41,426.37 3 0
classnewsletter/controller/controller.go:426.37,427.27 1 0
classnewsletter/controller/controller.go:427.27,436.18 3 0
classnewsletter/controller/controller.go:436.18,440.5 3 0
classnewsletter/controller/controller.go:443.4,453.37 2 0
classnewsletter/controller/controller.go:454.9,457.4 2 0
classnewsletter/controller/controller.go:458.8,461.3 2 0
classnewsletter/controller/controller.go:465.43,468.16 2 0
classnewsletter/controller/controller.go:468.16,470.3 1 0
classnewsletter/controller/controller.go:473.2,475.16 3 0
classnewsletter/controller/controller.go:475.16,477.3 1 0
classnewsletter/controller/controller.go:480.2,481.36 2 0
classnewsletter/controller/controller.go:481.36,483.3 1 0
classnewsletter/controller/controller.go:485.2,485.13 1 0
classnewsletter/controller/controller.go:488.38,490.25 1 0
classnewsletter/controller/controller.go:490.25,493.3 1 0
classnewsletter/controller/controller.go:493.8,495.19 2 0
classnewsletter/controller/controller.go:495.19,497.4 1 0
classnewsletter/controller/controller.go:497.9,499.4 1 0
classnewsletter/controller/controller.go:522.42,533.2 2 0
classnewsletter/controller/controller.go:535.33,536.25 1 0
classnewsletter/controller/controller.go:536.25,540.3 1 0
classnewsletter/controller/controller.go:540.8,542.3 1 0
classnewsletter/controller/controller.go:558.31,559.25 1 0
classnewsletter/controller/controller.go:559.25,563.3 1 0
classnewsletter/controller/controller.go:563.8,573.24 10 0
classnewsletter/controller/controller.go:573.24,586.4 3 0
classnewsletter/controller/controller.go:586.9,590.4 1 0
classnewsletter/controller/controller.go:595.45,596.25 1 0
classnewsletter/controller/controller.go:596.25,600.3 2 0
classnewsletter/controller/controller.go:600.8,603.27 3 0
classnewsletter/controller/controller.go:603.27,614.4 1 0
classnewsletter/controller/controller.go:614.9,616.4 1 0
classnewsletter/controller/controller.go:620.48,621.25 1 0
classnewsletter/controller/controller.go:621.25,625.3 1 0
classnewsletter/controller/controller.go:625.8,628.19 3 0
classnewsletter/controller/controller.go:628.19,630.4 1 0
classnewsletter/controller/controller.go:630.9,631.23 1 0
classnewsletter/controller/controller.go:631.23,633.5 1 0
classnewsletter/controller/controller.go:633.10,635.5 1 0
classnewsletter/controller/controller.go:642.47,643.25 1 0
classnewsletter/controller/controller.go:643.25,647.3 1 0
classnewsletter/controller/controller.go:647.8,650.19 3 0
classnewsletter/controller/controller.go:650.19,652.4 1 0
classnewsletter/controller/controller.go:652.9,653.23 1 0
classnewsletter/controller/controller.go:653.23,655.5 1 0
classnewsletter/controller/controller.go:655.10,657.5 1 0
classnewsletter/controller/controller.go:665.44,666.25 1 0
classnewsletter/controller/controller.go:666.25,670.3 1 0
classnewsletter/controller/controller.go:670.8,673.27 3 0
classnewsletter/controller/controller.go:673.27,684.4 1 0
classnewsletter/controller/controller.go:684.9,686.4 1 0
classnewsletter/controller/controller.go:691.42,692.25 1 0
classnewsletter/controller/controller.go:692.25,696.3 1 0
classnewsletter/controller/controller.go:696.8,699.27 3 0
classnewsletter/controller/controller.go:699.27,718.4 18 0
classnewsletter/controller/controller.go:718.9,720.4 1 0
classnewsletter/controller/controller.go:725.42,726.25 1 0
classnewsletter/controller/controller.go:726.25,730.3 2 0
classnewsletter/controller/controller.go:730.8,733.27 3 0
classnewsletter/controller/controller.go:733.27,736.4 2 0
classnewsletter/controller/controller.go:736.9,738.4 1 0
classnewsletter/controller/controller.go:743.36,745.25 1 0
classnewsletter/controller/controller.go:745.25,749.3 2 0
classnewsletter/controller/controller.go:751.2,751.39 1 0
classnewsletter/controller/controller.go:755.34,757.25 1 0
classnewsletter/controller/controller.go:757.25,761.3 2 0
classnewsletter/controller/controller.go:764.2,765.16 2 0
classnewsletter/controller/controller.go:765.16,770.3 2 0
classnewsletter/controller/controller.go:771.2,775.37 3 0
classnewsletter/controller/controller.go:775.37,780.3 2 0
classnewsletter/controller/controller.go:783.2,784.16 2 0
classnewsletter/controller/controller.go:784.16,789.3 2 0
classnewsletter/controller/controller.go:790.2,795.16 4 0
classnewsletter/controller/controller.go:795.16,800.3 2 0
classnewsletter/controller/controller.go:803.2,804.16 2 0
classnewsletter/controller/controller.go:804.16,809.3 2 0
classnewsletter/controller/controller.go:810.2,817.16 4 0
classnewsletter/controller/controller.go:817.16,822.3 2 0
classnewsletter/controller/controller.go:825.2,825.20 1 0
classnewsletter/controller/controller.go:825.20,830.3 2 0
classnewsletter/controller/controller.go:833.2,838.33 4 0
classnewsletter/controller/controller.go:838.33,840.3 1 0
classnewsletter/controller/controller.go:843.2,844.38 2 0
classnewsletter/controller/controller.go:844.38,845.43 1 0
classnewsletter/controller/controller.go:845.43,847.4 1 0
classnewsletter/controller/controller.go:850.2,850.29 1 0
classnewsletter/controller/controller.go:850.29,855.3 2 0
classnewsletter/controller/controller.go:858.2,864.33 5 0
classnewsletter/controller/controller.go:864.33,868.30 2 0
classnewsletter/controller/controller.go:868.30,871.12 3 0
classnewsletter/controller/controller.go:875.3,880.55 4 0
classnewsletter/controller/controller.go:880.55,883.12 3 0
classnewsletter/controller/controller.go:887.3,888.35 2 0
classnewsletter/controller/controller.go:888.35,890.12 2 0
classnewsletter/controller/controller.go:894.3,901.67 2 0
classnewsletter/controller/controller.go:901.67,903.4 1 0
classnewsletter/controller/controller.go:904.3,904.73 1 0
classnewsletter/controller/controller.go:904.73,906.4 1 0
classnewsletter/controller/controller.go:907.3,907.69 1 0
classnewsletter/controller/controller.go:907.69,909.4 1 0
classnewsletter/controller/controller.go:910.3,910.70 1 0
classnewsletter/controller/controller.go:910.70,912.4 1 0
classnewsletter/controller/controller.go:913.3,913.67 1 0
classnewsletter/controller/controller.go:913.67,915.4 1 0
classnewsletter/controller/controller.go:918.3,919.12 2 0
classnewsletter/controller/controller.go:923.2,930.4 2 0
classnewsletter/controller/controller.go:934.34,936.25 1 0
classnewsletter/controller/controller.go:936.25,940.3 2 0
classnewsletter/controller/controller.go:943.2,949.17 4 0
classnewsletter/controller/controller.go:949.17,952.3 1 0
classnewsletter/controller/controller.go:952.8,955.3 1 0
classnewsletter/controller/controller.go:957.2,957.16 1 0
classnewsletter/controller/controller.go:957.16,960.3 2 0
classnewsletter/controller/controller.go:963.2,968.40 4 0
classnewsletter/controller/controller.go:968.40,971.3 2 0
classnewsletter/controller/controller.go:974.2,974.36 1 0
classnewsletter/controller/controller.go:974.36,986.40 2 0
classnewsletter/controller/controller.go:986.40,989.4 2 0
classnewsletter/controller/controller.go:993.2,993.25 1 0
classnewsletter/controller/controller.go:993.25,996.3 2 0
classnewsletter/controller/controller.go:999.2,1000.17 2 0
classnewsletter/controller/controller.go:1000.17,1002.3 1 0
classnewsletter/controller/controller.go:1003.2,1012.16 6 0
classnewsletter/controller/controller.go:1012.16,1016.3 3 0
classnewsletter/controller/controller.go:1020.44,1027.40 4 0
classnewsletter/controller/controller.go:1027.40,1030.3 2 0
classnewsletter/controller/controller.go:1033.2,1038.45 2 0
classnewsletter/controller/controller.go:1038.45,1039.40 1 0
classnewsletter/controller/controller.go:1039.40,1042.4 2 0
classnewsletter/controller/controller.go:1046.2,1046.25 1 0
classnewsletter/controller/controller.go:1046.25,1049.3 2 0
classnewsletter/controller/controller.go:1052.2,1061.16 6 0
classnewsletter/controller/controller.go:1061.16,1065.3 3 0
